ASxxxx Assembler V02.00 + NoICE + SDCC mods  (Zilog Z80 / Hitachi HD64180), page 1.
Hexadecimal [16-Bits]



   0000                       1 hero_sprite01::
   0000 33 88                 2 	.db 0x33, 0x88
   0002 30 C0                 3 	.db 0x30, 0xC0
   0004 30 80                 4 	.db 0x30, 0x80
   0006 07 2C                 5 	.db 0x07, 0x2C
   0008 83 08                 6 	.db 0x83, 0x08
   000A 03 08                 7 	.db 0x03, 0x08
   000C 22 88                 8 	.db 0x22, 0x88
   000E 44 44                 9 	.db 0x44, 0x44
   0010                      10 hero_sprite02::
   0010 33 88                11 	.db 0x33, 0x88
   0012 30 C0                12 	.db 0x30, 0xC0
   0014 30 80                13 	.db 0x30, 0x80
   0016 87 0C                14 	.db 0x87, 0x0C
   0018 03 28                15 	.db 0x03, 0x28
   001A 03 08                16 	.db 0x03, 0x08
   001C 22 88                17 	.db 0x22, 0x88
   001E 22 88                18 	.db 0x22, 0x88
   0020                      19 delete_sprite::
   0020 00 00                20 	.db 0x00, 0x00
   0022 00 00                21 	.db 0x00, 0x00
   0024 00 00                22 	.db 0x00, 0x00
   0026 00 00                23 	.db 0x00, 0x00
   0028 00 00                24 	.db 0x00, 0x00
   002A 00 00                25 	.db 0x00, 0x00
   002C 00 00                26 	.db 0x00, 0x00
   002E 00 00                27 	.db 0x00, 0x00
